medsolution-admin-twa/app/build/intermediates/manifest_merge_blame_file/debug/processDebugMainManifest/manifest-merger-blame-debug-report.txt
1<?xml version="1.0" encoding="utf-8"?>
2<manifest xmlns:android="http://schemas.android.com/apk/res/android"
3    package="medsolution.admin.pwa"
4    android:versionCode="1"
5    android:versionName="1.0" >
6
7    <uses-sdk
8        android:minSdkVersion="21"
9        android:targetSdkVersion="35" />
10
11    <queries>
11-->[com.google.androidbrowserhelper:androidbrowserhelper:2.5.0] AndroidManifest.xml:26:5-34:15
12        <intent>
12-->[com.google.androidbrowserhelper:androidbrowserhelper:2.5.0] AndroidManifest.xml:27:9-33:18
13            <action android:name="android.intent.action.VIEW" />
13-->src\main\AndroidManifest.xml:42:17-69
13-->src\main\AndroidManifest.xml:42:25-66
14
15            <category android:name="android.intent.category.BROWSABLE" />
15-->src\main\AndroidManifest.xml:44:17-78
15-->src\main\AndroidManifest.xml:44:27-75
16
17            <data android:scheme="https" />
17-->src\main\AndroidManifest.xml:45:17-47:64
17-->src\main\AndroidManifest.xml:46:21-43
18        </intent>
19    </queries>
20
21    <application
21-->src\main\AndroidManifest.xml:3:5-51:19
22        android:allowBackup="false"
22-->src\main\AndroidManifest.xml:4:9-36
23        android:appComponentFactory="androidx.core.app.CoreComponentFactory"
23-->[androidx.core:core:1.1.0] AndroidManifest.xml:24:18-86
24        android:debuggable="true"
25        android:extractNativeLibs="true"
26        android:icon="@mipmap/ic_launcher"
26-->src\main\AndroidManifest.xml:5:9-43
27        android:label="@string/app_name"
27-->src\main\AndroidManifest.xml:6:9-41
28        android:supportsRtl="true"
28-->src\main\AndroidManifest.xml:7:9-35
29        android:theme="@style/Theme.MedSolutionPWA" >
29-->src\main\AndroidManifest.xml:8:9-52
30        <meta-data
30-->src\main\AndroidManifest.xml:10:9-12:56
31            android:name="asset_statements"
31-->src\main\AndroidManifest.xml:11:13-44
32            android:resource="@xml/asset_statements" />
32-->src\main\AndroidManifest.xml:12:13-53
33
34        <activity
34-->src\main\AndroidManifest.xml:14:9-49:20
35            android:name="com.google.androidbrowserhelper.trusted.LauncherActivity"
35-->src\main\AndroidManifest.xml:15:13-84
36            android:exported="true"
36-->src\main\AndroidManifest.xml:16:13-36
37            android:launchMode="singleTask"
37-->src\main\AndroidManifest.xml:17:13-44
38            android:screenOrientation="portrait" >
38-->src\main\AndroidManifest.xml:18:13-49
39            <meta-data
39-->src\main\AndroidManifest.xml:20:13-22:69
40                android:name="android.support.customtabs.trusted.DEFAULT_URL"
40-->src\main\AndroidManifest.xml:21:17-78
41                android:value="https://medsolutionhealthcare.com" />
41-->src\main\AndroidManifest.xml:22:17-66
42            <meta-data
42-->src\main\AndroidManifest.xml:24:13-26:43
43                android:name="android.support.customtabs.trusted.STATUS_BAR_COLOR"
43-->src\main\AndroidManifest.xml:25:17-83
44                android:value="#2563eb" />
44-->src\main\AndroidManifest.xml:26:17-40
45            <meta-data
45-->src\main\AndroidManifest.xml:28:13-30:43
46                android:name="android.support.customtabs.trusted.NAVIGATION_BAR_COLOR"
46-->src\main\AndroidManifest.xml:29:17-87
47                android:value="#ffffff" />
47-->src\main\AndroidManifest.xml:30:17-40
48            <meta-data
48-->src\main\AndroidManifest.xml:32:13-34:43
49                android:name="android.support.customtabs.trusted.NAVIGATION_BAR_DIVIDER_COLOR"
49-->src\main\AndroidManifest.xml:33:17-95
50                android:value="#ffffff" />
50-->src\main\AndroidManifest.xml:34:17-40
51
52            <intent-filter>
52-->src\main\AndroidManifest.xml:36:13-39:29
53                <action android:name="android.intent.action.MAIN" />
53-->src\main\AndroidManifest.xml:37:17-69
53-->src\main\AndroidManifest.xml:37:25-66
54
55                <category android:name="android.intent.category.LAUNCHER" />
55-->src\main\AndroidManifest.xml:38:17-77
55-->src\main\AndroidManifest.xml:38:27-74
56            </intent-filter>
57            <intent-filter android:autoVerify="true" >
57-->src\main\AndroidManifest.xml:41:13-48:29
57-->src\main\AndroidManifest.xml:41:28-53
58                <action android:name="android.intent.action.VIEW" />
58-->src\main\AndroidManifest.xml:42:17-69
58-->src\main\AndroidManifest.xml:42:25-66
59
60                <category android:name="android.intent.category.DEFAULT" />
60-->src\main\AndroidManifest.xml:43:17-76
60-->src\main\AndroidManifest.xml:43:27-73
61                <category android:name="android.intent.category.BROWSABLE" />
61-->src\main\AndroidManifest.xml:44:17-78
61-->src\main\AndroidManifest.xml:44:27-75
62
63                <data
63-->src\main\AndroidManifest.xml:45:17-47:64
64                    android:host="medsolutionhealthcare.com"
64-->src\main\AndroidManifest.xml:47:21-61
65                    android:scheme="https" />
65-->src\main\AndroidManifest.xml:46:21-43
66            </intent-filter>
67        </activity>
68    </application>
69
70</manifest>